<?xml version="1.0" encoding="UTF-8"?>
<!-- Generated by org.testng.reporters.JUnitXMLReporter -->
<testsuite ignored="0" hostname="HAMILTON-QA11L" failures="0" tests="6" name="Default test" time="0.056" errors="0" timestamp="2022-06-27T12:32:36 IST">
  <testcase classname="qaclickacademy.AppiumTest" name="IOSApps" time="0.015"/>
  <testcase classname="qaclickacademy.AppiumTest" name="NativeAPpAndroid" time="0.002"/>
  <testcase classname="qaclickacademy.RESTAPITest" name="deleteTwitter" time="0.001"/>
  <testcase classname="qaclickacademy.RESTAPITest" name="postJira" time="0.001"/>
  <testcase classname="qaclickacademy.SeleniumTest" name="BrowserAUtomation" time="0.0"/>
  <testcase classname="qaclickacademy.SeleniumTest" name="elementsUi" time="0.0"/>
</testsuite> <!-- Default test -->
