<?xml version="1.0" encoding="UTF-8"?>
<!-- Generated by org.testng.reporters.JUnitXMLReporter -->
<testsuite ignored="0" hostname="HAMILTON-QA11L" failures="0" tests="6" name="Test" time="0.054" errors="0" timestamp="2022-07-12T12:04:46 IST">
  <testcase classname="qaclickacademy.SeleniumTest" name="BrowserAUtomation" time="0.008"/>
  <testcase classname="qaclickacademy.SeleniumTest" name="elementsUi" time="0.001"/>
  <testcase classname="qaclickacademy.RESTAPITest" name="deleteTwitter" time="0.0"/>
  <testcase classname="qaclickacademy.RESTAPITest" name="postJira" time="0.001"/>
  <testcase classname="qaclickacademy.AppiumTest" name="IOSApps" time="0.001"/>
  <testcase classname="qaclickacademy.AppiumTest" name="NativeAPpAndroid" time="0.001"/>
</testsuite> <!-- Test -->
