<?xml version="1.0" encoding="UTF-8"?>
<testng-results ignored="0" total="6" passed="6" failed="0" skipped="0">
  <reporter-output>
  </reporter-output>
  <suite started-at="2022-07-12T12:22:59 IST" name="Command line suite" finished-at="2022-07-12T12:22:59 IST" duration-ms="38">
    <groups>
    </groups>
    <test started-at="2022-07-12T12:22:59 IST" name="Command line test" finished-at="2022-07-12T12:22:59 IST" duration-ms="38">
      <class name="qaclickacademy.AppiumTest">
        <test-method signature="IOSApps()[pri:0, instance:qaclickacademy.AppiumTest@8297b3a]" started-at="2022-07-12T12:22:59 IST" name="IOSApps" finished-at="2022-07-12T12:22:59 IST" duration-ms="4" status="PASS">
          <reporter-output>
          </reporter-output>
        </test-method> <!-- IOSApps -->
        <test-method signature="NativeAPpAndroid()[pri:0, instance:qaclickacademy.AppiumTest@8297b3a]" started-at="2022-07-12T12:22:59 IST" name="NativeAPpAndroid" finished-at="2022-07-12T12:22:59 IST" duration-ms="0" status="PASS">
          <reporter-output>
          </reporter-output>
        </test-method> <!-- NativeAPpAndroid -->
      </class> <!-- qaclickacademy.AppiumTest -->
      <class name="qaclickacademy.RESTAPITest">
        <test-method signature="deleteTwitter()[pri:0, instance:qaclickacademy.RESTAPITest@2002fc1d]" started-at="2022-07-12T12:22:59 IST" name="deleteTwitter" finished-at="2022-07-12T12:22:59 IST" duration-ms="0" status="PASS">
          <reporter-output>
          </reporter-output>
        </test-method> <!-- deleteTwitter -->
        <test-method signature="postJira()[pri:0, instance:qaclickacademy.RESTAPITest@2002fc1d]" started-at="2022-07-12T12:22:59 IST" name="postJira" finished-at="2022-07-12T12:22:59 IST" duration-ms="0" status="PASS">
          <reporter-output>
          </reporter-output>
        </test-method> <!-- postJira -->
      </class> <!-- qaclickacademy.RESTAPITest -->
      <class name="qaclickacademy.SeleniumTest">
        <test-method signature="BrowserAUtomation()[pri:0, instance:qaclickacademy.SeleniumTest@69453e37]" started-at="2022-07-12T12:22:59 IST" name="BrowserAUtomation" finished-at="2022-07-12T12:22:59 IST" duration-ms="0" status="PASS">
          <reporter-output>
          </reporter-output>
        </test-method> <!-- BrowserAUtomation -->
        <test-method signature="elementsUi()[pri:0, instance:qaclickacademy.SeleniumTest@69453e37]" started-at="2022-07-12T12:22:59 IST" name="elementsUi" finished-at="2022-07-12T12:22:59 IST" duration-ms="0" status="PASS">
          <reporter-output>
          </reporter-output>
        </test-method> <!-- elementsUi -->
      </class> <!-- qaclickacademy.SeleniumTest -->
    </test> <!-- Command line test -->
  </suite> <!-- Command line suite -->
</testng-results>
