<?xml version="1.0" encoding="UTF-8"?>
<testng-results ignored="0" total="6" passed="6" failed="0" skipped="0">
  <reporter-output>
  </reporter-output>
  <suite started-at="2022-07-12T12:04:46 IST" name="Suite" finished-at="2022-07-12T12:04:46 IST" duration-ms="54">
    <groups>
    </groups>
    <test started-at="2022-07-12T12:04:46 IST" name="Test" finished-at="2022-07-12T12:04:46 IST" duration-ms="54">
      <class name="qaclickacademy.AppiumTest">
        <test-method signature="IOSApps()[pri:0, instance:qaclickacademy.AppiumTest@2b48a640]" started-at="2022-07-12T12:04:46 IST" name="IOSApps" finished-at="2022-07-12T12:04:46 IST" duration-ms="1" status="PASS">
          <reporter-output>
          </reporter-output>
        </test-method> <!-- IOSApps -->
        <test-method signature="NativeAPpAndroid()[pri:0, instance:qaclickacademy.AppiumTest@2b48a640]" started-at="2022-07-12T12:04:46 IST" name="NativeAPpAndroid" finished-at="2022-07-12T12:04:46 IST" duration-ms="1" status="PASS">
          <reporter-output>
          </reporter-output>
        </test-method> <!-- NativeAPpAndroid -->
      </class> <!-- qaclickacademy.AppiumTest -->
      <class name="qaclickacademy.RESTAPITest">
        <test-method signature="deleteTwitter()[pri:0, instance:qaclickacademy.RESTAPITest@4d02f94e]" started-at="2022-07-12T12:04:46 IST" name="deleteTwitter" finished-at="2022-07-12T12:04:46 IST" duration-ms="0" status="PASS">
          <reporter-output>
          </reporter-output>
        </test-method> <!-- deleteTwitter -->
        <test-method signature="postJira()[pri:0, instance:qaclickacademy.RESTAPITest@4d02f94e]" started-at="2022-07-12T12:04:46 IST" name="postJira" finished-at="2022-07-12T12:04:46 IST" duration-ms="1" status="PASS">
          <reporter-output>
          </reporter-output>
        </test-method> <!-- postJira -->
      </class> <!-- qaclickacademy.RESTAPITest -->
      <class name="qaclickacademy.SeleniumTest">
        <test-method signature="BrowserAUtomation()[pri:0, instance:qaclickacademy.SeleniumTest@550ee7e5]" started-at="2022-07-12T12:04:46 IST" name="BrowserAUtomation" finished-at="2022-07-12T12:04:46 IST" duration-ms="8" status="PASS">
          <reporter-output>
          </reporter-output>
        </test-method> <!-- BrowserAUtomation -->
        <test-method signature="elementsUi()[pri:0, instance:qaclickacademy.SeleniumTest@550ee7e5]" started-at="2022-07-12T12:04:46 IST" name="elementsUi" finished-at="2022-07-12T12:04:46 IST" duration-ms="1" status="PASS">
          <reporter-output>
          </reporter-output>
        </test-method> <!-- elementsUi -->
      </class> <!-- qaclickacademy.SeleniumTest -->
    </test> <!-- Test -->
  </suite> <!-- Suite -->
</testng-results>
